This file contains any messages produced by compilers while
running configure, to aid debugging if configure makes a mistake.

It was created by simpleurl configure 0.0.1, which was
generated by GNU Autoconf 2.69.  Invocation command line was

  $ ./configure 

## --------- ##
## Platform. ##
## --------- ##

hostname = 80-218-229-47.dclient.hispeed.ch
uname -m = x86_64
uname -r = 10.8.0
uname -s = Darwin
uname -v = Darwin Kernel Version 10.8.0: Tue Jun  7 16:32:41 PDT 2011; root:xnu-1504.15.3~1/RELEASE_X86_64

/usr/bin/uname -p = i386
/bin/uname -X     = unknown

/bin/arch              = unknown
/usr/bin/arch -k       = unknown
/usr/convex/getsysinfo = unknown
/usr/bin/hostinfo      = Mach kernel version:
	 Darwin Kernel Version 10.8.0: Tue Jun  7 16:32:41 PDT 2011; root:xnu-1504.15.3~1/RELEASE_X86_64
Kernel configured for up to 4 processors.
2 processors are physically available.
4 processors are logically available.
Processor type: i486 (Intel 80486)
Processors active: 0 1 2 3
Primary memory available: 4.00 gigabytes
Default processor set: 63 tasks, 350 threads, 4 processors
Load average: 0.12, Mach factor: 3.87
/bin/machine           = unknown
/usr/bin/oslevel       = unknown
/bin/universe          = unknown

PATH: /opt/local/bin
PATH: /opt/local/sbin
PATH: /usr/bin
PATH: /bin
PATH: /usr/sbin
PATH: /sbin
PATH: /usr/local/bin
PATH: /usr/X11/bin


## ----------- ##
## Core tests. ##
## ----------- ##

configure:2297: checking for a BSD-compatible install
configure:2365: result: /usr/bin/install -c
configure:2376: checking whether build environment is sane
configure:2431: result: yes
configure:2582: checking for a thread-safe mkdir -p
configure:2621: result: ./install-sh -c -d
configure:2634: checking for gawk
configure:2664: result: no
configure:2634: checking for mawk
configure:2664: result: no
configure:2634: checking for nawk
configure:2664: result: no
configure:2634: checking for awk
configure:2650: found /usr/bin/awk
configure:2661: result: awk
configure:2672: checking whether make sets $(MAKE)
configure:2694: result: yes
configure:2829: checking for gcc
configure:2845: found /usr/bin/gcc
configure:2856: result: gcc
configure:3085: checking for C compiler version
configure:3094: gcc --version >&5
i686-apple-darwin10-llvm-gcc-4.2 (GCC) 4.2.1 (Based on Apple Inc. build 5658) (LLVM build 2336.1.00)
Copyright (C) 2007 Free Software Foundation, Inc.
This is free software; see the source for copying conditions.  There is NO
warranty; not even for MERCHANTABILITY or FITNESS FOR A PARTICULAR PURPOSE.

configure:3105: $? = 0
configure:3094: gcc -v >&5
Using built-in specs.
Target: i686-apple-darwin10
Configured with: /private/var/tmp/llvmgcc42/llvmgcc42-2336.1~3/src/configure --disable-checking --enable-werror --prefix=/Developer/usr/llvm-gcc-4.2 --mandir=/share/man --enable-languages=c,objc,c++,obj-c++ --program-prefix=llvm- --program-transform-name=/^[cg][^.-]*$/s/$/-4.2/ --with-slibdir=/usr/lib --build=i686-apple-darwin10 --enable-llvm=/private/var/tmp/llvmgcc42/llvmgcc42-2336.1~3/dst-llvmCore/Developer/usr/local --program-prefix=i686-apple-darwin10- --host=x86_64-apple-darwin10 --target=i686-apple-darwin10 --with-gxx-include-dir=/usr/include/c++/4.2.1
Thread model: posix
gcc version 4.2.1 (Based on Apple Inc. build 5658) (LLVM build 2336.1.00)
configure:3105: $? = 0
configure:3094: gcc -V >&5
llvm-gcc-4.2: argument to `-V' is missing
configure:3105: $? = 1
configure:3094: gcc -qversion >&5
i686-apple-darwin10-llvm-gcc-4.2: no input files
configure:3105: $? = 1
configure:3125: checking whether the C compiler works
configure:3147: gcc    conftest.c  >&5
configure:3151: $? = 0
configure:3199: result: yes
configure:3202: checking for C compiler default output file name
configure:3204: result: a.out
configure:3210: checking for suffix of executables
configure:3217: gcc -o conftest    conftest.c  >&5
configure:3221: $? = 0
configure:3243: result: 
configure:3265: checking whether we are cross compiling
configure:3273: gcc -o conftest    conftest.c  >&5
configure:3277: $? = 0
configure:3284: ./conftest
configure:3288: $? = 0
configure:3303: result: no
configure:3308: checking for suffix of object files
configure:3330: gcc -c   conftest.c >&5
configure:3334: $? = 0
configure:3355: result: o
configure:3359: checking whether we are using the GNU C compiler
configure:3378: gcc -c   conftest.c >&5
configure:3378: $? = 0
configure:3387: result: yes
configure:3396: checking whether gcc accepts -g
configure:3416: gcc -c -g  conftest.c >&5
configure:3416: $? = 0
configure:3457: result: yes
configure:3474: checking for gcc option to accept ISO C89
configure:3537: gcc  -c -g -O2  conftest.c >&5
configure:3537: $? = 0
configure:3550: result: none needed
configure:3581: checking for style of include used by make
configure:3609: result: GNU
configure:3635: checking dependency style of gcc
configure:3746: result: gcc3
configure:3771: checking how to run the C preprocessor
configure:3802: gcc -E  conftest.c
configure:3802: $? = 0
configure:3816: gcc -E  conftest.c
conftest.c:11:28: error: ac_nonexistent.h: No such file or directory
configure:3816: $? = 1
configure: failed program was:
| /* confdefs.h */
| #define PACKAGE_NAME "simpleurl"
| #define PACKAGE_TARNAME "simpleurl"
| #define PACKAGE_VERSION "0.0.1"
| #define PACKAGE_STRING "simpleurl 0.0.1"
| #define PACKAGE_BUGREPORT "advise@ocsource.tk"
| #define PACKAGE_URL ""
| #define PACKAGE "libsimpleurl"
| #define VERSION "0.0.1"
| /* end confdefs.h.  */
| #include <ac_nonexistent.h>
configure:3841: result: gcc -E
configure:3861: gcc -E  conftest.c
configure:3861: $? = 0
configure:3875: gcc -E  conftest.c
conftest.c:11:28: error: ac_nonexistent.h: No such file or directory
configure:3875: $? = 1
configure: failed program was:
| /* confdefs.h */
| #define PACKAGE_NAME "simpleurl"
| #define PACKAGE_TARNAME "simpleurl"
| #define PACKAGE_VERSION "0.0.1"
| #define PACKAGE_STRING "simpleurl 0.0.1"
| #define PACKAGE_BUGREPORT "advise@ocsource.tk"
| #define PACKAGE_URL ""
| #define PACKAGE "libsimpleurl"
| #define VERSION "0.0.1"
| /* end confdefs.h.  */
| #include <ac_nonexistent.h>
configure:3904: checking for grep that handles long lines and -e
configure:3962: result: /usr/bin/grep
configure:3967: checking for egrep
configure:4029: result: /usr/bin/grep -E
configure:4034: checking for ANSI C header files
configure:4054: gcc -c -g -O2  conftest.c >&5
configure:4054: $? = 0
configure:4127: gcc -o conftest -g -O2   conftest.c  >&5
configure:4127: $? = 0
configure:4127: ./conftest
configure:4127: $? = 0
configure:4138: result: yes
configure:4151: checking for sys/types.h
configure:4151: gcc -c -g -O2  conftest.c >&5
configure:4151: $? = 0
configure:4151: result: yes
configure:4151: checking for sys/stat.h
configure:4151: gcc -c -g -O2  conftest.c >&5
configure:4151: $? = 0
configure:4151: result: yes
configure:4151: checking for stdlib.h
configure:4151: gcc -c -g -O2  conftest.c >&5
configure:4151: $? = 0
configure:4151: result: yes
configure:4151: checking for string.h
configure:4151: gcc -c -g -O2  conftest.c >&5
configure:4151: $? = 0
configure:4151: result: yes
configure:4151: checking for memory.h
configure:4151: gcc -c -g -O2  conftest.c >&5
configure:4151: $? = 0
configure:4151: result: yes
configure:4151: checking for strings.h
configure:4151: gcc -c -g -O2  conftest.c >&5
configure:4151: $? = 0
configure:4151: result: yes
configure:4151: checking for inttypes.h
configure:4151: gcc -c -g -O2  conftest.c >&5
configure:4151: $? = 0
configure:4151: result: yes
configure:4151: checking for stdint.h
configure:4151: gcc -c -g -O2  conftest.c >&5
configure:4151: $? = 0
configure:4151: result: yes
configure:4151: checking for unistd.h
configure:4151: gcc -c -g -O2  conftest.c >&5
configure:4151: $? = 0
configure:4151: result: yes
configure:4166: checking arpa/inet.h usability
configure:4166: gcc -c -g -O2  conftest.c >&5
configure:4166: $? = 0
configure:4166: result: yes
configure:4166: checking arpa/inet.h presence
configure:4166: gcc -E  conftest.c
configure:4166: $? = 0
configure:4166: result: yes
configure:4166: checking for arpa/inet.h
configure:4166: result: yes
configure:4166: checking netinet/in.h usability
configure:4166: gcc -c -g -O2  conftest.c >&5
configure:4166: $? = 0
configure:4166: result: yes
configure:4166: checking netinet/in.h presence
configure:4166: gcc -E  conftest.c
configure:4166: $? = 0
configure:4166: result: yes
configure:4166: checking for netinet/in.h
configure:4166: result: yes
configure:4166: checking for stdlib.h
configure:4166: result: yes
configure:4166: checking for string.h
configure:4166: result: yes
configure:4178: checking for size_t
configure:4178: gcc -c -g -O2  conftest.c >&5
configure:4178: $? = 0
configure:4178: gcc -c -g -O2  conftest.c >&5
conftest.c: In function 'main':
conftest.c:61: error: expected expression before ')' token
configure:4178: $? = 1
configure: failed program was:
| /* confdefs.h */
| #define PACKAGE_NAME "simpleurl"
| #define PACKAGE_TARNAME "simpleurl"
| #define PACKAGE_VERSION "0.0.1"
| #define PACKAGE_STRING "simpleurl 0.0.1"
| #define PACKAGE_BUGREPORT "advise@ocsource.tk"
| #define PACKAGE_URL ""
| #define PACKAGE "libsimpleurl"
| #define VERSION "0.0.1"
| #define STDC_HEADERS 1
| #define HAVE_SYS_TYPES_H 1
| #define HAVE_SYS_STAT_H 1
| #define HAVE_STDLIB_H 1
| #define HAVE_STRING_H 1
| #define HAVE_MEMORY_H 1
| #define HAVE_STRINGS_H 1
| #define HAVE_INTTYPES_H 1
| #define HAVE_STDINT_H 1
| #define HAVE_UNISTD_H 1
| #define HAVE_ARPA_INET_H 1
| #define HAVE_NETINET_IN_H 1
| #define HAVE_STDLIB_H 1
| #define HAVE_STRING_H 1
| /* end confdefs.h.  */
| #include <stdio.h>
| #ifdef HAVE_SYS_TYPES_H
| # include <sys/types.h>
| #endif
| #ifdef HAVE_SYS_STAT_H
| # include <sys/stat.h>
| #endif
| #ifdef STDC_HEADERS
| # include <stdlib.h>
| # include <stddef.h>
| #else
| # ifdef HAVE_STDLIB_H
| #  include <stdlib.h>
| # endif
| #endif
| #ifdef HAVE_STRING_H
| # if !defined STDC_HEADERS && defined HAVE_MEMORY_H
| #  include <memory.h>
| # endif
| # include <string.h>
| #endif
| #ifdef HAVE_STRINGS_H
| # include <strings.h>
| #endif
| #ifdef HAVE_INTTYPES_H
| # include <inttypes.h>
| #endif
| #ifdef HAVE_STDINT_H
| # include <stdint.h>
| #endif
| #ifdef HAVE_UNISTD_H
| # include <unistd.h>
| #endif
| int
| main ()
| {
| if (sizeof ((size_t)))
| 	    return 0;
|   ;
|   return 0;
| }
configure:4178: result: yes
configure:4193: checking for stdlib.h
configure:4193: result: yes
configure:4203: checking for GNU libc compatible malloc
configure:4227: gcc -o conftest -g -O2   conftest.c  >&5
configure:4227: $? = 0
configure:4227: ./conftest
configure:4227: $? = 0
configure:4237: result: yes
configure:4260: checking for stdlib.h
configure:4260: result: yes
configure:4270: checking for GNU libc compatible realloc
configure:4294: gcc -o conftest -g -O2   conftest.c  >&5
configure:4294: $? = 0
configure:4294: ./conftest
configure:4294: $? = 0
configure:4304: result: yes
configure:4328: checking for strchr
configure:4328: gcc -o conftest -g -O2   conftest.c  >&5
conftest.c:52: warning: conflicting types for built-in function 'strchr'
configure:4328: $? = 0
configure:4328: result: yes
configure:4328: checking for strdup
configure:4328: gcc -o conftest -g -O2   conftest.c  >&5
conftest.c:53: warning: conflicting types for built-in function 'strdup'
configure:4328: $? = 0
configure:4328: result: yes
configure:4328: checking for strrchr
configure:4328: gcc -o conftest -g -O2   conftest.c  >&5
conftest.c:54: warning: conflicting types for built-in function 'strrchr'
configure:4328: $? = 0
configure:4328: result: yes
configure:4328: checking for strstr
configure:4328: gcc -o conftest -g -O2   conftest.c  >&5
conftest.c:55: warning: conflicting types for built-in function 'strstr'
configure:4328: $? = 0
configure:4328: result: yes
configure:4369: checking build system type
configure:4383: result: x86_64-apple-darwin10.8.0
configure:4403: checking host system type
configure:4416: result: x86_64-apple-darwin10.8.0
configure:4457: checking how to print strings
configure:4484: result: printf
configure:4505: checking for a sed that does not truncate output
configure:4569: result: /usr/bin/sed
configure:4587: checking for fgrep
configure:4649: result: /usr/bin/grep -F
configure:4684: checking for ld used by gcc
configure:4751: result: /usr/llvm-gcc-4.2/libexec/gcc/i686-apple-darwin10/4.2.1/ld
configure:4758: checking if the linker (/usr/llvm-gcc-4.2/libexec/gcc/i686-apple-darwin10/4.2.1/ld) is GNU ld
configure:4773: result: no
configure:4785: checking for BSD- or MS-compatible name lister (nm)
configure:4834: result: /usr/bin/nm
configure:4964: checking the name lister (/usr/bin/nm) interface
configure:4971: gcc -c -g -O2  conftest.c >&5
configure:4974: /usr/bin/nm "conftest.o"
configure:4977: output
00000000000001a0 S _some_variable
configure:4984: result: BSD nm
configure:4987: checking whether ln -s works
configure:4991: result: yes
configure:4999: checking the maximum length of command line arguments
configure:5129: result: 196608
configure:5146: checking whether the shell understands some XSI constructs
configure:5156: result: yes
configure:5160: checking whether the shell understands "+="
configure:5166: result: yes
configure:5201: checking how to convert x86_64-apple-darwin10.8.0 file names to x86_64-apple-darwin10.8.0 format
configure:5241: result: func_convert_file_noop
configure:5248: checking how to convert x86_64-apple-darwin10.8.0 file names to toolchain format
configure:5268: result: func_convert_file_noop
configure:5275: checking for /usr/llvm-gcc-4.2/libexec/gcc/i686-apple-darwin10/4.2.1/ld option to reload object files
configure:5282: result: -r
configure:5356: checking for objdump
configure:5386: result: no
configure:5415: checking how to recognize dependent libraries
configure:5617: result: pass_all
configure:5702: checking for dlltool
configure:5732: result: no
configure:5762: checking how to associate runtime and link libraries
configure:5789: result: printf %s\n
configure:5849: checking for ar
configure:5865: found /usr/bin/ar
configure:5876: result: ar
configure:5913: checking for archiver @FILE support
configure:5930: gcc -c -g -O2  conftest.c >&5
configure:5930: $? = 0
configure:5933: ar cru libconftest.a @conftest.lst >&5
ar: @conftest.lst: No such file or directory
configure:5936: $? = 1
configure:5956: result: no
configure:6014: checking for strip
configure:6030: found /usr/bin/strip
configure:6041: result: strip
configure:6113: checking for ranlib
configure:6129: found /usr/bin/ranlib
configure:6140: result: ranlib
configure:6242: checking command to parse /usr/bin/nm output from gcc object
configure:6362: gcc -c -g -O2  conftest.c >&5
configure:6365: $? = 0
configure:6369: /usr/bin/nm conftest.o \| sed -n -e 's/^.*[ ]\([BCDEGRST][BCDEGRST]*\)[ ][ ]*\([_A-Za-z][_A-Za-z0-9]*\)$/\1 \2 \2/p' | sed '/ __gnu_lto/d' \> conftest.nm
configure:6372: $? = 0
cannot find nm_test_var in conftest.nm
configure:6362: gcc -c -g -O2  conftest.c >&5
configure:6365: $? = 0
configure:6369: /usr/bin/nm conftest.o \| sed -n -e 's/^.*[ ]\([BCDEGRST][BCDEGRST]*\)[ ][ ]*_\([_A-Za-z][_A-Za-z0-9]*\)$/\1 _\2 \2/p' | sed '/ __gnu_lto/d' \> conftest.nm
configure:6372: $? = 0
configure:6438: gcc -o conftest -g -O2   conftest.c conftstm.o >&5
configure:6441: $? = 0
configure:6479: result: ok
configure:6516: checking for sysroot
configure:6546: result: no
configure:6802: checking for mt
configure:6832: result: no
configure:6852: checking if : is a manifest tool
configure:6858: : '-?'
configure:6866: result: no
configure:6922: checking for dsymutil
configure:6938: found /usr/bin/dsymutil
configure:6949: result: dsymutil
configure:7014: checking for nmedit
configure:7030: found /usr/bin/nmedit
configure:7041: result: nmedit
configure:7106: checking for lipo
configure:7122: found /usr/bin/lipo
configure:7133: result: lipo
configure:7198: checking for otool
configure:7214: found /usr/bin/otool
configure:7225: result: otool
configure:7290: checking for otool64
configure:7320: result: no
configure:7365: checking for -single_module linker flag
gcc -g -O2  -o libconftest.dylib -dynamiclib -Wl,-single_module conftest.c
configure:7398: result: yes
configure:7401: checking for -exported_symbols_list linker flag
configure:7421: gcc -o conftest -g -O2   -Wl,-exported_symbols_list,conftest.sym conftest.c  >&5
configure:7421: $? = 0
configure:7431: result: yes
configure:7434: checking for -force_load linker flag
gcc -g -O2 -c -o conftest.o conftest.c
ar cru libconftest.a conftest.o
ranlib libconftest.a
gcc -g -O2  -o conftest conftest.c -Wl,-force_load,./libconftest.a
configure:7466: result: yes
configure:7505: checking for dlfcn.h
configure:7505: gcc -c -g -O2  conftest.c >&5
configure:7505: $? = 0
configure:7505: result: yes
configure:7711: checking for objdir
configure:7726: result: .libs
configure:7997: checking if gcc supports -fno-rtti -fno-exceptions
configure:8015: gcc -c -g -O2  -fno-rtti -fno-exceptions conftest.c >&5
cc1: warning: command line option "-fno-rtti" is valid for C++/ObjC++ but not for C
configure:8019: $? = 0
configure:8032: result: no
configure:8359: checking for gcc option to produce PIC
configure:8366: result: -fno-common -DPIC
configure:8374: checking if gcc PIC flag -fno-common -DPIC works
configure:8392: gcc -c -g -O2  -fno-common -DPIC -DPIC conftest.c >&5
configure:8396: $? = 0
configure:8409: result: yes
configure:8438: checking if gcc static flag -static works
configure:8466: result: no
configure:8481: checking if gcc supports -c -o file.o
configure:8502: gcc -c -g -O2  -o out/conftest2.o conftest.c >&5
configure:8506: $? = 0
configure:8528: result: yes
configure:8536: checking if gcc supports -c -o file.o
configure:8583: result: yes
configure:8616: checking whether the gcc linker (/usr/llvm-gcc-4.2/libexec/gcc/i686-apple-darwin10/4.2.1/ld) supports shared libraries
configure:9769: result: yes
configure:10009: checking dynamic linker characteristics
configure:10742: result: darwin10.8.0 dyld
configure:10849: checking how to hardcode library paths into programs
configure:10874: result: immediate
configure:11414: checking whether stripping libraries is possible
configure:11428: result: yes
configure:11454: checking if libtool supports shared libraries
configure:11456: result: yes
configure:11459: checking whether to build shared libraries
configure:11480: result: yes
configure:11483: checking whether to build static libraries
configure:11487: result: yes
configure:11637: checking that generated files are newer than configure
configure:11643: result: done
configure:11666: creating ./config.status

## ---------------------- ##
## Running config.status. ##
## ---------------------- ##

This file was extended by simpleurl config.status 0.0.1, which was
generated by GNU Autoconf 2.69.  Invocation command line was

  CONFIG_FILES    = 
  CONFIG_HEADERS  = 
  CONFIG_LINKS    = 
  CONFIG_COMMANDS = 
  $ ./config.status 

on 80-218-229-47.dclient.hispeed.ch

config.status:1085: creating Makefile
config.status:1085: creating config.h
config.status:1314: executing depfiles commands
config.status:1314: executing libtool commands

## ---------------- ##
## Cache variables. ##
## ---------------- ##

ac_cv_build=x86_64-apple-darwin10.8.0
ac_cv_c_compiler_gnu=yes
ac_cv_env_CC_set=
ac_cv_env_CC_value=
ac_cv_env_CFLAGS_set=
ac_cv_env_CFLAGS_value=
ac_cv_env_CPPFLAGS_set=
ac_cv_env_CPPFLAGS_value=
ac_cv_env_CPP_set=
ac_cv_env_CPP_value=
ac_cv_env_LDFLAGS_set=
ac_cv_env_LDFLAGS_value=
ac_cv_env_LIBS_set=
ac_cv_env_LIBS_value=
ac_cv_env_build_alias_set=
ac_cv_env_build_alias_value=
ac_cv_env_host_alias_set=
ac_cv_env_host_alias_value=
ac_cv_env_target_alias_set=
ac_cv_env_target_alias_value=
ac_cv_func_malloc_0_nonnull=yes
ac_cv_func_realloc_0_nonnull=yes
ac_cv_func_strchr=yes
ac_cv_func_strdup=yes
ac_cv_func_strrchr=yes
ac_cv_func_strstr=yes
ac_cv_header_arpa_inet_h=yes
ac_cv_header_dlfcn_h=yes
ac_cv_header_inttypes_h=yes
ac_cv_header_memory_h=yes
ac_cv_header_netinet_in_h=yes
ac_cv_header_stdc=yes
ac_cv_header_stdint_h=yes
ac_cv_header_stdlib_h=yes
ac_cv_header_string_h=yes
ac_cv_header_strings_h=yes
ac_cv_header_sys_stat_h=yes
ac_cv_header_sys_types_h=yes
ac_cv_header_unistd_h=yes
ac_cv_host=x86_64-apple-darwin10.8.0
ac_cv_objext=o
ac_cv_path_EGREP='/usr/bin/grep -E'
ac_cv_path_FGREP='/usr/bin/grep -F'
ac_cv_path_GREP=/usr/bin/grep
ac_cv_path_SED=/usr/bin/sed
ac_cv_path_install='/usr/bin/install -c'
ac_cv_prog_AWK=awk
ac_cv_prog_CPP='gcc -E'
ac_cv_prog_ac_ct_AR=ar
ac_cv_prog_ac_ct_CC=gcc
ac_cv_prog_ac_ct_DSYMUTIL=dsymutil
ac_cv_prog_ac_ct_LIPO=lipo
ac_cv_prog_ac_ct_NMEDIT=nmedit
ac_cv_prog_ac_ct_OTOOL=otool
ac_cv_prog_ac_ct_RANLIB=ranlib
ac_cv_prog_ac_ct_STRIP=strip
ac_cv_prog_cc_c89=
ac_cv_prog_cc_g=yes
ac_cv_prog_make_make_set=yes
ac_cv_type_size_t=yes
am_cv_CC_dependencies_compiler_type=gcc3
lt_cv_apple_cc_single_mod=yes
lt_cv_ar_at_file=no
lt_cv_deplibs_check_method=pass_all
lt_cv_file_magic_cmd='$MAGIC_CMD'
lt_cv_file_magic_test_file=
lt_cv_ld_exported_symbols_list=yes
lt_cv_ld_force_load=yes
lt_cv_ld_reload_flag=-r
lt_cv_nm_interface='BSD nm'
lt_cv_objdir=.libs
lt_cv_path_LD=/usr/llvm-gcc-4.2/libexec/gcc/i686-apple-darwin10/4.2.1/ld
lt_cv_path_NM=/usr/bin/nm
lt_cv_path_mainfest_tool=no
lt_cv_prog_compiler_c_o=yes
lt_cv_prog_compiler_pic='-fno-common -DPIC'
lt_cv_prog_compiler_pic_works=yes
lt_cv_prog_compiler_rtti_exceptions=no
lt_cv_prog_compiler_static_works=no
lt_cv_prog_gnu_ld=no
lt_cv_sharedlib_from_linklib_cmd='printf %s\n'
lt_cv_sys_global_symbol_pipe='sed -n -e '\''s/^.*[	 ]\([BCDEGRST][BCDEGRST]*\)[	 ][	 ]*_\([_A-Za-z][_A-Za-z0-9]*\)$/\1 _\2 \2/p'\'' | sed '\''/ __gnu_lto/d'\'''
lt_cv_sys_global_symbol_to_c_name_address='sed -n -e '\''s/^: \([^ ]*\)[ ]*$/  {\"\1\", (void *) 0},/p'\'' -e '\''s/^[BCDEGRST]* \([^ ]*\) \([^ ]*\)$/  {"\2", (void *) \&\2},/p'\'''
lt_cv_sys_global_symbol_to_c_name_address_lib_prefix='sed -n -e '\''s/^: \([^ ]*\)[ ]*$/  {\"\1\", (void *) 0},/p'\'' -e '\''s/^[BCDEGRST]* \([^ ]*\) \(lib[^ ]*\)$/  {"\2", (void *) \&\2},/p'\'' -e '\''s/^[BCDEGRST]* \([^ ]*\) \([^ ]*\)$/  {"lib\2", (void *) \&\2},/p'\'''
lt_cv_sys_global_symbol_to_cdecl='sed -n -e '\''s/^T .* \(.*\)$/extern int \1();/p'\'' -e '\''s/^[BCDEGRST]* .* \(.*\)$/extern char \1;/p'\'''
lt_cv_sys_max_cmd_len=196608
lt_cv_to_host_file_cmd=func_convert_file_noop
lt_cv_to_tool_file_cmd=func_convert_file_noop

## ----------------- ##
## Output variables. ##
## ----------------- ##

ACLOCAL='${SHELL} /Users/matthieuriolo/Sourcecode/url-0.0.1/missing --run aclocal-1.12'
AMDEPBACKSLASH='\'
AMDEP_FALSE='#'
AMDEP_TRUE=''
AMTAR='$${TAR-tar}'
AR='ar'
AUTOCONF='${SHELL} /Users/matthieuriolo/Sourcecode/url-0.0.1/missing --run autoconf'
AUTOHEADER='${SHELL} /Users/matthieuriolo/Sourcecode/url-0.0.1/missing --run autoheader'
AUTOMAKE='${SHELL} /Users/matthieuriolo/Sourcecode/url-0.0.1/missing --run automake-1.12'
AWK='awk'
CC='gcc'
CCDEPMODE='depmode=gcc3'
CFLAGS='-g -O2'
CPP='gcc -E'
CPPFLAGS=''
CYGPATH_W='echo'
DEFS='-DHAVE_CONFIG_H'
DEPDIR='.deps'
DLLTOOL='false'
DSYMUTIL='dsymutil'
DUMPBIN=''
ECHO_C='\c'
ECHO_N=''
ECHO_T=''
EGREP='/usr/bin/grep -E'
EXEEXT=''
FGREP='/usr/bin/grep -F'
GREP='/usr/bin/grep'
INSTALL_DATA='${INSTALL} -m 644'
INSTALL_PROGRAM='${INSTALL}'
INSTALL_SCRIPT='${INSTALL}'
INSTALL_STRIP_PROGRAM='$(install_sh) -c -s'
LD='/usr/llvm-gcc-4.2/libexec/gcc/i686-apple-darwin10/4.2.1/ld'
LDFLAGS=''
LIBOBJS=''
LIBS=''
LIBTOOL='$(SHELL) $(top_builddir)/libtool'
LIPO='lipo'
LN_S='ln -s'
LTLIBOBJS=''
MAKEINFO='${SHELL} /Users/matthieuriolo/Sourcecode/url-0.0.1/missing --run makeinfo'
MANIFEST_TOOL=':'
MKDIR_P='./install-sh -c -d'
NM='/usr/bin/nm'
NMEDIT='nmedit'
OBJDUMP='false'
OBJEXT='o'
OTOOL64=':'
OTOOL='otool'
PACKAGE='libsimpleurl'
PACKAGE_BUGREPORT='advise@ocsource.tk'
PACKAGE_NAME='simpleurl'
PACKAGE_STRING='simpleurl 0.0.1'
PACKAGE_TARNAME='simpleurl'
PACKAGE_URL=''
PACKAGE_VERSION='0.0.1'
PATH_SEPARATOR=':'
RANLIB='ranlib'
SED='/usr/bin/sed'
SET_MAKE=''
SHELL='/bin/sh'
STRIP='strip'
VERSION='0.0.1'
ac_ct_AR='ar'
ac_ct_CC='gcc'
ac_ct_DUMPBIN=''
am__EXEEXT_FALSE=''
am__EXEEXT_TRUE='#'
am__fastdepCC_FALSE='#'
am__fastdepCC_TRUE=''
am__include='include'
am__isrc=''
am__leading_dot='.'
am__nodep='_no'
am__quote=''
am__tar='$${TAR-tar} chof - "$$tardir"'
am__untar='$${TAR-tar} xf -'
bindir='${exec_prefix}/bin'
build='x86_64-apple-darwin10.8.0'
build_alias=''
build_cpu='x86_64'
build_os='darwin10.8.0'
build_vendor='apple'
datadir='${datarootdir}'
datarootdir='${prefix}/share'
docdir='${datarootdir}/doc/${PACKAGE_TARNAME}'
dvidir='${docdir}'
exec_prefix='${prefix}'
host='x86_64-apple-darwin10.8.0'
host_alias=''
host_cpu='x86_64'
host_os='darwin10.8.0'
host_vendor='apple'
htmldir='${docdir}'
includedir='${prefix}/include'
infodir='${datarootdir}/info'
install_sh='${SHELL} /Users/matthieuriolo/Sourcecode/url-0.0.1/install-sh'
libdir='${exec_prefix}/lib'
libexecdir='${exec_prefix}/libexec'
localedir='${datarootdir}/locale'
localstatedir='${prefix}/var'
mandir='${datarootdir}/man'
mkdir_p='$(top_builddir)/./install-sh -c -d'
oldincludedir='/usr/include'
pdfdir='${docdir}'
prefix='/usr/local'
program_transform_name='s,x,x,'
psdir='${docdir}'
sbindir='${exec_prefix}/sbin'
sharedstatedir='${prefix}/com'
sysconfdir='${prefix}/etc'
target_alias=''

## ----------- ##
## confdefs.h. ##
## ----------- ##

/* confdefs.h */
#define PACKAGE_NAME "simpleurl"
#define PACKAGE_TARNAME "simpleurl"
#define PACKAGE_VERSION "0.0.1"
#define PACKAGE_STRING "simpleurl 0.0.1"
#define PACKAGE_BUGREPORT "advise@ocsource.tk"
#define PACKAGE_URL ""
#define PACKAGE "libsimpleurl"
#define VERSION "0.0.1"
#define STDC_HEADERS 1
#define HAVE_SYS_TYPES_H 1
#define HAVE_SYS_STAT_H 1
#define HAVE_STDLIB_H 1
#define HAVE_STRING_H 1
#define HAVE_MEMORY_H 1
#define HAVE_STRINGS_H 1
#define HAVE_INTTYPES_H 1
#define HAVE_STDINT_H 1
#define HAVE_UNISTD_H 1
#define HAVE_ARPA_INET_H 1
#define HAVE_NETINET_IN_H 1
#define HAVE_STDLIB_H 1
#define HAVE_STRING_H 1
#define HAVE_STDLIB_H 1
#define HAVE_MALLOC 1
#define HAVE_STDLIB_H 1
#define HAVE_REALLOC 1
#define HAVE_STRCHR 1
#define HAVE_STRDUP 1
#define HAVE_STRRCHR 1
#define HAVE_STRSTR 1
#define HAVE_DLFCN_H 1
#define LT_OBJDIR ".libs/"

configure: exit 0

## ---------------------- ##
## Running config.status. ##
## ---------------------- ##

This file was extended by simpleurl config.status 0.0.1, which was
generated by GNU Autoconf 2.69.  Invocation command line was

  CONFIG_FILES    = 
  CONFIG_HEADERS  = 
  CONFIG_LINKS    = 
  CONFIG_COMMANDS = 
  $ ./config.status config.h

on 80-218-229-47.dclient.hispeed.ch

config.status:1085: creating config.h
config.status:1266: config.h is unchanged
